<?xml version="1.0" encoding="UTF-8"?>
<!-- Generated by org.testng.reporters.JUnitReportReporter -->
<testsuite hostname="LAPTOP-8S5CRRGR" failures="0" tests="4" name="TestCase.TC003_LoginTest" time="35.087" errors="0" timestamp="2025-09-09T21:43:08 IST" skipped="0">
  <testcase classname="TestCase.TC003_LoginTest" name="verify_login" time="10.475"/>
  <testcase classname="TestCase.TC003_LoginTest" name="verify_login" time="3.551"/>
  <testcase classname="TestCase.TC003_LoginTest" name="verify_login" time="10.569"/>
  <testcase classname="TestCase.TC003_LoginTest" name="verify_login" time="10.492"/>
</testsuite> <!-- TestCase.TC003_LoginTest -->
