<?xml version="1.0" encoding="UTF-8"?>
<!-- Generated by org.testng.reporters.JUnitReportReporter -->
<testsuite hostname="DESKTOP-G12S2MB" failures="0" tests="4" name="TestCase.TC003_LoginTest" time="43.641" errors="0" timestamp="2025-08-18T14:50:40 IST" skipped="0">
  <testcase classname="TestCase.TC003_LoginTest" name="verify_login" time="9.851"/>
  <testcase classname="TestCase.TC003_LoginTest" name="verify_login" time="11.149"/>
  <testcase classname="TestCase.TC003_LoginTest" name="verify_login" time="11.125"/>
  <testcase classname="TestCase.TC003_LoginTest" name="verify_login" time="11.516"/>
</testsuite> <!-- TestCase.TC003_LoginTest -->
