<?xml version="1.0" encoding="UTF-8"?>
<!-- Generated by org.testng.reporters.JUnitReportReporter -->
<testsuite hostname="DESKTOP-G12S2MB" failures="0" tests="1" name="TestCase.TC002_LoginTest" time="6.539" errors="0" timestamp="2025-08-19T13:19:58 IST" skipped="0">
  <testcase classname="TestCase.TC002_LoginTest" name="verify_login" time="6.539"/>
</testsuite> <!-- TestCase.TC002_LoginTest -->
