<?xml version="1.0" encoding="UTF-8"?>
<!-- Generated by org.testng.reporters.JUnitReportReporter -->
<testsuite hostname="LAPTOP-8S5CRRGR" failures="0" tests="4" name="TestCase.TC004_LoginTest" time="36.071" errors="0" timestamp="2025-09-10T00:49:49 IST" skipped="0">
  <testcase classname="TestCase.TC004_LoginTest" name="verify_login" time="10.775"/>
  <testcase classname="TestCase.TC004_LoginTest" name="verify_login" time="10.918"/>
  <testcase classname="TestCase.TC004_LoginTest" name="verify_login" time="10.806"/>
  <testcase classname="TestCase.TC004_LoginTest" name="verify_login" time="3.572"/>
</testsuite> <!-- TestCase.TC004_LoginTest -->
