<?xml version="1.0" encoding="UTF-8"?>
<!-- Generated by org.testng.reporters.JUnitReportReporter -->
<testsuite hostname="LAPTOP-8S5CRRGR" failures="0" tests="1" name="TestCase.TC002_LoginTest" time="0.900" errors="0" timestamp="2025-09-03T13:53:06 IST" skipped="0">
  <testcase classname="TestCase.TC002_LoginTest" name="verify_login" time="0.900"/>
</testsuite> <!-- TestCase.TC002_LoginTest -->
